git-lfs/2.11.0 (GitHub; darwin amd64; go 1.14.2)
git version 2.26.2

$ git-lfs prune
Prune error: Git can't resolve ref: "HEAD"
Prune error: Git can't resolve ref: "HEAD"
Prune error: error in git log: exit status 128 fatal: not a git repository (or any of the parent directories): .git


error in git log: exit status 128 fatal: not a git repository (or any of the parent directories): .git


Current time in UTC: 
2021-03-12 20:35:14

ENV:
LocalWorkingDir=
LocalGitDir=
LocalGitStorageDir=
LocalMediaDir=lfs/objects
LocalReferenceDirs=
TempDir=lfs/tmp
ConcurrentTransfers=8
TusTransfers=false
BasicTransfersOnly=false
SkipDownloadErrors=false
FetchRecentAlways=false
FetchRecentRefsDays=7
FetchRecentCommitsDays=0
FetchRecentRefsIncludeRemotes=true
PruneOffsetDays=3
PruneVerifyRemoteAlways=false
PruneRemoteName=origin
LfsStorageDir=lfs
AccessDownload=none
AccessUpload=none
DownloadTransfers=basic,lfs-standalone-file
UploadTransfers=basic,lfs-standalone-file
GIT_EXEC_PATH=/usr/local/Cellar/git/2.26.2_1/libexec/git-core

Client IP addresses:
fe80::aede:48ff:fe00:1122
fe80::1077:8f36:ab71:f03a 192.168.0.9
fe80::3cee:cfff:fed8:aa39
fe80::f52e:8748:d3cd:a9fe
130.20.125.126 fe80::aede:48ff:fe00:1122 fe80::42b9:9bdf:228f:3f7d
